<?xml version="1.0" encoding="UTF-8"?>
<robot generator="Robot 4.1.3 (Python 3.10.1 on win32)" generated="20221101 20:30:59.729" rpa="false" schemaversion="2">
<suite id="s1" name="Activities" source="C:\Users\Alejandro\Desktop\Activities\Activities.robot">
<kw name="Open App" library="Keywords" type="SETUP">
<kw name="Open Application" library="AppiumLibrary">
<arg>${url}</arg>
<arg>platformName=${PlatFormName}</arg>
<arg>platformVersion=${PlatFormVersion}</arg>
<arg>deviceName=${DeviceName}</arg>
<arg>automationName=UiAutomator2</arg>
<arg>newCommandTimeout=2500</arg>
<arg>noReset=True</arg>
<arg>activateName=${Activity_NAME}</arg>
<arg>packageName=${PACKAGE_NAME}</arg>
<doc>Opens a new application to given Appium server.
Capabilities of appium server, Android and iOS,
Please check https://github.com/appium/appium/blob/master/docs/en/writing-running-appium/server-args.md
| *Option*            | *Man.* | *Description*     |
| remote_url          | Yes    | Appium server url |
| alias               | no     | alias             |</doc>
<status status="PASS" starttime="20221101 20:30:59.902" endtime="20221101 20:31:16.573"/>
</kw>
<status status="PASS" starttime="20221101 20:30:59.902" endtime="20221101 20:31:16.573"/>
</kw>
<test id="s1-t1" name="Automation Window Activity Test Cases">
<kw name="Open App" library="Keywords">
<kw name="Open Application" library="AppiumLibrary">
<arg>${url}</arg>
<arg>platformName=${PlatFormName}</arg>
<arg>platformVersion=${PlatFormVersion}</arg>
<arg>deviceName=${DeviceName}</arg>
<arg>automationName=UiAutomator2</arg>
<arg>newCommandTimeout=2500</arg>
<arg>noReset=True</arg>
<arg>activateName=${Activity_NAME}</arg>
<arg>packageName=${PACKAGE_NAME}</arg>
<doc>Opens a new application to given Appium server.
Capabilities of appium server, Android and iOS,
Please check https://github.com/appium/appium/blob/master/docs/en/writing-running-appium/server-args.md
| *Option*            | *Man.* | *Description*     |
| remote_url          | Yes    | Appium server url |
| alias               | no     | alias             |</doc>
<status status="PASS" starttime="20221101 20:31:16.575" endtime="20221101 20:31:32.397"/>
</kw>
<status status="PASS" starttime="20221101 20:31:16.574" endtime="20221101 20:31:32.398"/>
</kw>
<tag>Automation</tag>
<tag>cases</tag>
<status status="PASS" starttime="20221101 20:31:16.573" endtime="20221101 20:31:32.398"/>
</test>
<test id="s1-t2" name="NGG-TC-58 Home - Activities">
<kw name="Home - Activities" library="Keywords">
<kw name="Press Keycode" library="AppiumLibrary">
<arg>20</arg>
<doc>Sends a press of keycode to the device.</doc>
<status status="PASS" starttime="20221101 20:31:32.400" endtime="20221101 20:31:39.683"/>
</kw>
<kw name="Press Keycode" library="AppiumLibrary">
<arg>20</arg>
<doc>Sends a press of keycode to the device.</doc>
<status status="PASS" starttime="20221101 20:31:39.683" endtime="20221101 20:31:40.742"/>
</kw>
<kw name="Press Keycode" library="AppiumLibrary">
<arg>22</arg>
<doc>Sends a press of keycode to the device.</doc>
<status status="PASS" starttime="20221101 20:31:40.742" endtime="20221101 20:31:44.833"/>
</kw>
<kw name="Wait Until Element Is Visible" library="AppiumLibrary">
<arg>id=com.sentrics.engage360:id/tvAppName</arg>
<doc>Waits until element specified with `locator` is visible.</doc>
<status status="PASS" starttime="20221101 20:31:44.833" endtime="20221101 20:31:47.150"/>
</kw>
<kw name="Press Keycode" library="AppiumLibrary">
<arg>23</arg>
<doc>Sends a press of keycode to the device.</doc>
<status status="PASS" starttime="20221101 20:31:47.151" endtime="20221101 20:31:47.235"/>
</kw>
<kw name="Wait Until Element Is Visible" library="AppiumLibrary">
<arg>id=com.sentrics.engage360:id/tvDate</arg>
<doc>Waits until element specified with `locator` is visible.</doc>
<status status="PASS" starttime="20221101 20:31:47.235" endtime="20221101 20:31:51.676"/>
</kw>
<kw name="Press Keycode" library="AppiumLibrary">
<arg>4</arg>
<doc>Sends a press of keycode to the device.</doc>
<status status="PASS" starttime="20221101 20:31:51.676" endtime="20221101 20:31:51.786"/>
</kw>
<kw name="Wait Until Element Is Visible" library="AppiumLibrary">
<arg>id=com.sentrics.engage360:id/tvAppName</arg>
<doc>Waits until element specified with `locator` is visible.</doc>
<status status="PASS" starttime="20221101 20:31:51.786" endtime="20221101 20:31:56.123"/>
</kw>
<kw name="Press Keycode" library="AppiumLibrary">
<arg>4</arg>
<doc>Sends a press of keycode to the device.</doc>
<status status="PASS" starttime="20221101 20:31:56.123" endtime="20221101 20:31:56.207"/>
</kw>
<kw name="Wait Until Element Is Visible" library="AppiumLibrary">
<arg>Id=com.sentrics.engage360:id/tvGroupName</arg>
<doc>Waits until element specified with `locator` is visible.</doc>
<status status="PASS" starttime="20221101 20:31:56.207" endtime="20221101 20:31:56.838"/>
</kw>
<kw name="Press Keycode" library="AppiumLibrary">
<arg>21</arg>
<doc>Sends a press of keycode to the device.</doc>
<status status="PASS" starttime="20221101 20:31:56.838" endtime="20221101 20:31:56.917"/>
</kw>
<kw name="Wait Until Element Is Visible" library="AppiumLibrary">
<arg>Id=com.sentrics.engage360:id/tvGroupName</arg>
<doc>Waits until element specified with `locator` is visible.</doc>
<status status="PASS" starttime="20221101 20:31:56.917" endtime="20221101 20:31:58.825"/>
</kw>
<kw name="Press Keycode" library="AppiumLibrary">
<arg>19</arg>
<doc>Sends a press of keycode to the device.</doc>
<status status="PASS" starttime="20221101 20:31:58.825" endtime="20221101 20:32:00.005"/>
</kw>
<kw name="Press Keycode" library="AppiumLibrary">
<arg>19</arg>
<doc>Sends a press of keycode to the device.</doc>
<status status="PASS" starttime="20221101 20:32:00.005" endtime="20221101 20:32:00.680"/>
</kw>
<status status="PASS" starttime="20221101 20:31:32.400" endtime="20221101 20:32:00.680"/>
</kw>
<tag>Automation</tag>
<tag>case58</tag>
<status status="PASS" starttime="20221101 20:31:32.399" endtime="20221101 20:32:00.681"/>
</test>
<test id="s1-t3" name="NGG-TC-57 Enter to days and categories - Activities">
<kw name="Enter to days and categories - Activities" library="Keywords">
<kw name="Press Keycode" library="AppiumLibrary">
<arg>20</arg>
<doc>Sends a press of keycode to the device.</doc>
<status status="PASS" starttime="20221101 20:32:00.682" endtime="20221101 20:32:10.681"/>
</kw>
<kw name="Press Keycode" library="AppiumLibrary">
<arg>20</arg>
<doc>Sends a press of keycode to the device.</doc>
<status status="PASS" starttime="20221101 20:32:10.681" endtime="20221101 20:32:13.594"/>
</kw>
<kw name="Press Keycode" library="AppiumLibrary">
<arg>22</arg>
<doc>Sends a press of keycode to the device.</doc>
<status status="PASS" starttime="20221101 20:32:13.594" endtime="20221101 20:32:14.836"/>
</kw>
<kw name="Press Keycode" library="AppiumLibrary">
<arg>23</arg>
<doc>Sends a press of keycode to the device.</doc>
<status status="PASS" starttime="20221101 20:32:14.836" endtime="20221101 20:32:15.559"/>
</kw>
<kw name="Wait Until Element Is Visible" library="AppiumLibrary">
<arg>id=com.sentrics.engage360:id/rvActivities</arg>
<doc>Waits until element specified with `locator` is visible.</doc>
<status status="PASS" starttime="20221101 20:32:15.559" endtime="20221101 20:32:19.854"/>
</kw>
<kw name="Press Keycode" library="AppiumLibrary">
<arg>19</arg>
<doc>Sends a press of keycode to the device.</doc>
<status status="PASS" starttime="20221101 20:32:19.854" endtime="20221101 20:32:20.029"/>
</kw>
<kw name="Press Keycode" library="AppiumLibrary">
<arg>23</arg>
<doc>Sends a press of keycode to the device.</doc>
<status status="PASS" starttime="20221101 20:32:20.029" endtime="20221101 20:32:20.621"/>
</kw>
<kw name="Press Keycode" library="AppiumLibrary">
<arg>22</arg>
<doc>Sends a press of keycode to the device.</doc>
<status status="PASS" starttime="20221101 20:32:20.621" endtime="20221101 20:32:21.966"/>
</kw>
<kw name="Press Keycode" library="AppiumLibrary">
<arg>23</arg>
<doc>Sends a press of keycode to the device.</doc>
<status status="PASS" starttime="20221101 20:32:21.966" endtime="20221101 20:32:22.704"/>
</kw>
<kw name="Press Keycode" library="AppiumLibrary">
<arg>22</arg>
<doc>Sends a press of keycode to the device.</doc>
<status status="PASS" starttime="20221101 20:32:22.704" endtime="20221101 20:32:23.658"/>
</kw>
<kw name="Press Keycode" library="AppiumLibrary">
<arg>23</arg>
<doc>Sends a press of keycode to the device.</doc>
<status status="PASS" starttime="20221101 20:32:23.658" endtime="20221101 20:32:23.819"/>
</kw>
<kw name="Press Keycode" library="AppiumLibrary">
<arg>22</arg>
<doc>Sends a press of keycode to the device.</doc>
<status status="PASS" starttime="20221101 20:32:23.819" endtime="20221101 20:32:24.732"/>
</kw>
<kw name="Press Keycode" library="AppiumLibrary">
<arg>23</arg>
<doc>Sends a press of keycode to the device.</doc>
<status status="PASS" starttime="20221101 20:32:24.732" endtime="20221101 20:32:24.894"/>
</kw>
<kw name="Press Keycode" library="AppiumLibrary">
<arg>22</arg>
<doc>Sends a press of keycode to the device.</doc>
<status status="PASS" starttime="20221101 20:32:24.894" endtime="20221101 20:32:25.825"/>
</kw>
<kw name="Press Keycode" library="AppiumLibrary">
<arg>23</arg>
<doc>Sends a press of keycode to the device.</doc>
<status status="PASS" starttime="20221101 20:32:25.826" endtime="20221101 20:32:25.978"/>
</kw>
<kw name="Press Keycode" library="AppiumLibrary">
<arg>22</arg>
<doc>Sends a press of keycode to the device.</doc>
<status status="PASS" starttime="20221101 20:32:25.978" endtime="20221101 20:32:26.935"/>
</kw>
<kw name="Press Keycode" library="AppiumLibrary">
<arg>23</arg>
<doc>Sends a press of keycode to the device.</doc>
<status status="PASS" starttime="20221101 20:32:26.935" endtime="20221101 20:32:27.085"/>
</kw>
<kw name="Press Keycode" library="AppiumLibrary">
<arg>22</arg>
<doc>Sends a press of keycode to the device.</doc>
<status status="PASS" starttime="20221101 20:32:27.085" endtime="20221101 20:32:28.081"/>
</kw>
<kw name="Press Keycode" library="AppiumLibrary">
<arg>23</arg>
<doc>Sends a press of keycode to the device.</doc>
<status status="PASS" starttime="20221101 20:32:28.081" endtime="20221101 20:32:28.237"/>
</kw>
<kw name="Press Keycode" library="AppiumLibrary">
<arg>22</arg>
<doc>Sends a press of keycode to the device.</doc>
<status status="PASS" starttime="20221101 20:32:28.238" endtime="20221101 20:32:29.141"/>
</kw>
<kw name="Press Keycode" library="AppiumLibrary">
<arg>23</arg>
<doc>Sends a press of keycode to the device.</doc>
<status status="PASS" starttime="20221101 20:32:29.141" endtime="20221101 20:32:29.298"/>
</kw>
<kw name="Press Keycode" library="AppiumLibrary">
<arg>22</arg>
<doc>Sends a press of keycode to the device.</doc>
<status status="PASS" starttime="20221101 20:32:29.298" endtime="20221101 20:32:30.222"/>
</kw>
<kw name="Press Keycode" library="AppiumLibrary">
<arg>23</arg>
<doc>Sends a press of keycode to the device.</doc>
<status status="PASS" starttime="20221101 20:32:30.222" endtime="20221101 20:32:30.361"/>
</kw>
<kw name="Press Keycode" library="AppiumLibrary">
<arg>22</arg>
<doc>Sends a press of keycode to the device.</doc>
<status status="PASS" starttime="20221101 20:32:30.361" endtime="20221101 20:32:31.278"/>
</kw>
<kw name="Press Keycode" library="AppiumLibrary">
<arg>23</arg>
<doc>Sends a press of keycode to the device.</doc>
<status status="PASS" starttime="20221101 20:32:31.279" endtime="20221101 20:32:31.465"/>
</kw>
<kw name="Press Keycode" library="AppiumLibrary">
<arg>22</arg>
<doc>Sends a press of keycode to the device.</doc>
<status status="PASS" starttime="20221101 20:32:31.465" endtime="20221101 20:32:32.521"/>
</kw>
<kw name="Press Keycode" library="AppiumLibrary">
<arg>23</arg>
<doc>Sends a press of keycode to the device.</doc>
<status status="PASS" starttime="20221101 20:32:32.521" endtime="20221101 20:32:32.684"/>
</kw>
<kw name="Press Keycode" library="AppiumLibrary">
<arg>22</arg>
<doc>Sends a press of keycode to the device.</doc>
<status status="PASS" starttime="20221101 20:32:32.684" endtime="20221101 20:32:33.561"/>
</kw>
<kw name="Press Keycode" library="AppiumLibrary">
<arg>23</arg>
<doc>Sends a press of keycode to the device.</doc>
<status status="PASS" starttime="20221101 20:32:33.562" endtime="20221101 20:32:33.715"/>
</kw>
<kw name="Press Keycode" library="AppiumLibrary">
<arg>4</arg>
<doc>Sends a press of keycode to the device.</doc>
<status status="PASS" starttime="20221101 20:32:33.715" endtime="20221101 20:32:34.690"/>
</kw>
<kw name="Press Keycode" library="AppiumLibrary">
<arg>4</arg>
<doc>Sends a press of keycode to the device.</doc>
<status status="PASS" starttime="20221101 20:32:34.690" endtime="20221101 20:32:35.446"/>
</kw>
<kw name="Wait Until Element Is Visible" library="AppiumLibrary">
<arg>Id=com.sentrics.engage360:id/tvGroupName</arg>
<doc>Waits until element specified with `locator` is visible.</doc>
<status status="PASS" starttime="20221101 20:32:35.446" endtime="20221101 20:32:40.700"/>
</kw>
<kw name="Press Keycode" library="AppiumLibrary">
<arg>21</arg>
<doc>Sends a press of keycode to the device.</doc>
<status status="PASS" starttime="20221101 20:32:40.701" endtime="20221101 20:32:40.834"/>
</kw>
<kw name="Wait Until Element Is Visible" library="AppiumLibrary">
<arg>Id=com.sentrics.engage360:id/tvGroupName</arg>
<doc>Waits until element specified with `locator` is visible.</doc>
<status status="PASS" starttime="20221101 20:32:40.834" endtime="20221101 20:32:44.905"/>
</kw>
<kw name="Press Keycode" library="AppiumLibrary">
<arg>19</arg>
<doc>Sends a press of keycode to the device.</doc>
<status status="PASS" starttime="20221101 20:32:44.905" endtime="20221101 20:32:44.999"/>
</kw>
<kw name="Press Keycode" library="AppiumLibrary">
<arg>19</arg>
<doc>Sends a press of keycode to the device.</doc>
<status status="PASS" starttime="20221101 20:32:44.999" endtime="20221101 20:32:47.176"/>
</kw>
<status status="PASS" starttime="20221101 20:32:00.681" endtime="20221101 20:32:47.176"/>
</kw>
<tag>Automation</tag>
<tag>case57</tag>
<status status="PASS" starttime="20221101 20:32:00.681" endtime="20221101 20:32:47.177"/>
</test>
<test id="s1-t4" name="NGG-TC-22 Activity Details Screen - Activities">
<kw name="Activity Details Screen - Activities" library="Keywords">
<kw name="Press Keycode" library="AppiumLibrary">
<arg>23</arg>
<doc>Sends a press of keycode to the device.</doc>
<status status="PASS" starttime="20221101 20:32:47.178" endtime="20221101 20:32:49.001"/>
</kw>
<kw name="Wait Until Element Is Visible" library="AppiumLibrary">
<arg>id=com.sentrics.engage360:id/tvDate</arg>
<doc>Waits until element specified with `locator` is visible.</doc>
<status status="PASS" starttime="20221101 20:32:49.001" endtime="20221101 20:32:56.006"/>
</kw>
<kw name="Press Keycode" library="AppiumLibrary">
<arg>4</arg>
<doc>Sends a press of keycode to the device.</doc>
<status status="PASS" starttime="20221101 20:32:56.006" endtime="20221101 20:32:56.073"/>
</kw>
<kw name="Press Keycode" library="AppiumLibrary">
<arg>4</arg>
<doc>Sends a press of keycode to the device.</doc>
<status status="PASS" starttime="20221101 20:32:56.073" endtime="20221101 20:32:56.115"/>
</kw>
<kw name="Press Keycode" library="AppiumLibrary">
<arg>4</arg>
<doc>Sends a press of keycode to the device.</doc>
<status status="PASS" starttime="20221101 20:32:56.115" endtime="20221101 20:32:56.166"/>
</kw>
<kw name="Wait Until Element Is Visible" library="AppiumLibrary">
<arg>Id=com.sentrics.engage360:id/tvGroupName</arg>
<doc>Waits until element specified with `locator` is visible.</doc>
<status status="PASS" starttime="20221101 20:32:56.166" endtime="20221101 20:32:56.855"/>
</kw>
<kw name="Press Keycode" library="AppiumLibrary">
<arg>21</arg>
<doc>Sends a press of keycode to the device.</doc>
<status status="PASS" starttime="20221101 20:32:56.855" endtime="20221101 20:32:56.895"/>
</kw>
<kw name="Wait Until Element Is Visible" library="AppiumLibrary">
<arg>Id=com.sentrics.engage360:id/tvGroupName</arg>
<doc>Waits until element specified with `locator` is visible.</doc>
<status status="PASS" starttime="20221101 20:32:56.895" endtime="20221101 20:32:56.998"/>
</kw>
<kw name="Press Keycode" library="AppiumLibrary">
<arg>19</arg>
<doc>Sends a press of keycode to the device.</doc>
<status status="PASS" starttime="20221101 20:32:56.998" endtime="20221101 20:32:57.034"/>
</kw>
<kw name="Press Keycode" library="AppiumLibrary">
<arg>19</arg>
<doc>Sends a press of keycode to the device.</doc>
<status status="PASS" starttime="20221101 20:32:57.034" endtime="20221101 20:32:57.074"/>
</kw>
<status status="PASS" starttime="20221101 20:32:47.178" endtime="20221101 20:32:57.074"/>
</kw>
<tag>Automation</tag>
<tag>case22</tag>
<status status="PASS" starttime="20221101 20:32:47.177" endtime="20221101 20:32:57.075"/>
</test>
<test id="s1-t5" name="NGG-TC-23 See Attendees - Activities">
<kw name="See Attendees - Activities" library="Keywords">
<kw name="Press Keycode" library="AppiumLibrary">
<arg>20</arg>
<doc>Sends a press of keycode to the device.</doc>
<status status="PASS" starttime="20221101 20:32:57.076" endtime="20221101 20:32:57.204"/>
</kw>
<kw name="Press Keycode" library="AppiumLibrary">
<arg>20</arg>
<doc>Sends a press of keycode to the device.</doc>
<status status="PASS" starttime="20221101 20:32:57.204" endtime="20221101 20:32:58.790"/>
</kw>
<kw name="Press Keycode" library="AppiumLibrary">
<arg>22</arg>
<doc>Sends a press of keycode to the device.</doc>
<status status="PASS" starttime="20221101 20:32:58.790" endtime="20221101 20:32:59.896"/>
</kw>
<kw name="Press Keycode" library="AppiumLibrary">
<arg>23</arg>
<doc>Sends a press of keycode to the device.</doc>
<status status="PASS" starttime="20221101 20:32:59.897" endtime="20221101 20:33:00.674"/>
</kw>
<kw name="Wait Until Element Is Visible" library="AppiumLibrary">
<arg>id=com.sentrics.engage360:id/tvDate</arg>
<doc>Waits until element specified with `locator` is visible.</doc>
<status status="PASS" starttime="20221101 20:33:00.674" endtime="20221101 20:33:04.924"/>
</kw>
<kw name="Press Keycode" library="AppiumLibrary">
<arg>19</arg>
<doc>Sends a press of keycode to the device.</doc>
<status status="PASS" starttime="20221101 20:33:04.924" endtime="20221101 20:33:05.066"/>
</kw>
<kw name="Press Keycode" library="AppiumLibrary">
<arg>19</arg>
<doc>Sends a press of keycode to the device.</doc>
<status status="PASS" starttime="20221101 20:33:05.066" endtime="20221101 20:33:05.701"/>
</kw>
<kw name="Press Keycode" library="AppiumLibrary">
<arg>19</arg>
<doc>Sends a press of keycode to the device.</doc>
<status status="PASS" starttime="20221101 20:33:05.702" endtime="20221101 20:33:05.775"/>
</kw>
<kw name="Press Keycode" library="AppiumLibrary">
<arg>23</arg>
<doc>Sends a press of keycode to the device.</doc>
<status status="PASS" starttime="20221101 20:33:05.775" endtime="20221101 20:33:05.875"/>
</kw>
<kw name="Press Keycode" library="AppiumLibrary">
<arg>20</arg>
<doc>Sends a press of keycode to the device.</doc>
<status status="PASS" starttime="20221101 20:33:05.875" endtime="20221101 20:33:07.311"/>
</kw>
<kw name="Press Keycode" library="AppiumLibrary">
<arg>20</arg>
<doc>Sends a press of keycode to the device.</doc>
<status status="PASS" starttime="20221101 20:33:07.311" endtime="20221101 20:33:07.982"/>
</kw>
<kw name="Press Keycode" library="AppiumLibrary">
<arg>23</arg>
<doc>Sends a press of keycode to the device.</doc>
<status status="PASS" starttime="20221101 20:33:07.982" endtime="20221101 20:33:08.651"/>
</kw>
<kw name="Wait Until Element Is Visible" library="AppiumLibrary">
<arg>id=com.sentrics.engage360:id/tvTitle</arg>
<doc>Waits until element specified with `locator` is visible.</doc>
<status status="PASS" starttime="20221101 20:33:08.651" endtime="20221101 20:33:10.130"/>
</kw>
<kw name="Press Keycode" library="AppiumLibrary">
<arg>23</arg>
<doc>Sends a press of keycode to the device.</doc>
<status status="PASS" starttime="20221101 20:33:10.130" endtime="20221101 20:33:10.280"/>
</kw>
<kw name="Press Keycode" library="AppiumLibrary">
<arg>23</arg>
<doc>Sends a press of keycode to the device.</doc>
<status status="PASS" starttime="20221101 20:33:10.280" endtime="20221101 20:33:11.068"/>
</kw>
<kw name="Wait Until Element Is Visible" library="AppiumLibrary">
<arg>id=com.sentrics.engage360:id/btnOkAttendees</arg>
<doc>Waits until element specified with `locator` is visible.</doc>
<status status="PASS" starttime="20221101 20:33:11.068" endtime="20221101 20:33:11.838"/>
</kw>
<kw name="Press Keycode" library="AppiumLibrary">
<arg>19</arg>
<doc>Sends a press of keycode to the device.</doc>
<status status="PASS" starttime="20221101 20:33:11.838" endtime="20221101 20:33:11.910"/>
</kw>
<kw name="Wait Until Element Is Visible" library="AppiumLibrary">
<arg>id=com.sentrics.engage360:id/btnOkAttendees</arg>
<doc>Waits until element specified with `locator` is visible.</doc>
<status status="PASS" starttime="20221101 20:33:11.910" endtime="20221101 20:33:12.581"/>
</kw>
<kw name="Press Keycode" library="AppiumLibrary">
<arg>19</arg>
<doc>Sends a press of keycode to the device.</doc>
<status status="PASS" starttime="20221101 20:33:12.581" endtime="20221101 20:33:12.656"/>
</kw>
<kw name="Press Keycode" library="AppiumLibrary">
<arg>23</arg>
<doc>Sends a press of keycode to the device.</doc>
<status status="PASS" starttime="20221101 20:33:12.656" endtime="20221101 20:33:13.281"/>
</kw>
<kw name="Wait Until Element Is Visible" library="AppiumLibrary">
<arg>id=com.sentrics.engage360:id/tvTitle</arg>
<doc>Waits until element specified with `locator` is visible.</doc>
<status status="PASS" starttime="20221101 20:33:13.281" endtime="20221101 20:33:13.952"/>
</kw>
<kw name="Press Keycode" library="AppiumLibrary">
<arg>21</arg>
<doc>Sends a press of keycode to the device.</doc>
<status status="PASS" starttime="20221101 20:33:13.953" endtime="20221101 20:33:14.013"/>
</kw>
<kw name="Press Keycode" library="AppiumLibrary">
<arg>23</arg>
<doc>Sends a press of keycode to the device.</doc>
<status status="PASS" starttime="20221101 20:33:14.013" endtime="20221101 20:33:14.725"/>
</kw>
<kw name="Wait Until Element Is Visible" library="AppiumLibrary">
<arg>id=com.sentrics.engage360:id/tvTitle</arg>
<doc>Waits until element specified with `locator` is visible.</doc>
<status status="PASS" starttime="20221101 20:33:14.725" endtime="20221101 20:33:15.978"/>
</kw>
<kw name="Press Keycode" library="AppiumLibrary">
<arg>22</arg>
<doc>Sends a press of keycode to the device.</doc>
<status status="PASS" starttime="20221101 20:33:15.979" endtime="20221101 20:33:16.087"/>
</kw>
<kw name="Press Keycode" library="AppiumLibrary">
<arg>23</arg>
<doc>Sends a press of keycode to the device.</doc>
<status status="PASS" starttime="20221101 20:33:16.087" endtime="20221101 20:33:16.694"/>
</kw>
<kw name="Press Keycode" library="AppiumLibrary">
<arg>4</arg>
<doc>Sends a press of keycode to the device.</doc>
<status status="PASS" starttime="20221101 20:33:16.694" endtime="20221101 20:33:17.363"/>
</kw>
<kw name="Wait Until Element Is Visible" library="AppiumLibrary">
<arg>id=com.sentrics.engage360:id/tvTitle</arg>
<doc>Waits until element specified with `locator` is visible.</doc>
<status status="PASS" starttime="20221101 20:33:17.363" endtime="20221101 20:33:18.067"/>
</kw>
<kw name="Press Keycode" library="AppiumLibrary">
<arg>4</arg>
<doc>Sends a press of keycode to the device.</doc>
<status status="PASS" starttime="20221101 20:33:18.067" endtime="20221101 20:33:18.183"/>
</kw>
<kw name="Press Keycode" library="AppiumLibrary">
<arg>4</arg>
<doc>Sends a press of keycode to the device.</doc>
<status status="PASS" starttime="20221101 20:33:18.183" endtime="20221101 20:33:18.424"/>
</kw>
<kw name="Press Keycode" library="AppiumLibrary">
<arg>4</arg>
<doc>Sends a press of keycode to the device.</doc>
<status status="PASS" starttime="20221101 20:33:18.424" endtime="20221101 20:33:18.968"/>
</kw>
<kw name="Press Keycode" library="AppiumLibrary">
<arg>4</arg>
<doc>Sends a press of keycode to the device.</doc>
<status status="PASS" starttime="20221101 20:33:18.969" endtime="20221101 20:33:19.709"/>
</kw>
<kw name="Wait Until Element Is Visible" library="AppiumLibrary">
<arg>Id=com.sentrics.engage360:id/tvGroupName</arg>
<doc>Waits until element specified with `locator` is visible.</doc>
<status status="PASS" starttime="20221101 20:33:19.709" endtime="20221101 20:33:26.062"/>
</kw>
<kw name="Press Keycode" library="AppiumLibrary">
<arg>21</arg>
<doc>Sends a press of keycode to the device.</doc>
<status status="PASS" starttime="20221101 20:33:26.062" endtime="20221101 20:33:26.142"/>
</kw>
<kw name="Wait Until Element Is Visible" library="AppiumLibrary">
<arg>Id=com.sentrics.engage360:id/tvGroupName</arg>
<doc>Waits until element specified with `locator` is visible.</doc>
<status status="PASS" starttime="20221101 20:33:26.142" endtime="20221101 20:33:26.973"/>
</kw>
<kw name="Press Keycode" library="AppiumLibrary">
<arg>19</arg>
<doc>Sends a press of keycode to the device.</doc>
<status status="PASS" starttime="20221101 20:33:26.973" endtime="20221101 20:33:27.061"/>
</kw>
<kw name="Press Keycode" library="AppiumLibrary">
<arg>19</arg>
<doc>Sends a press of keycode to the device.</doc>
<status status="PASS" starttime="20221101 20:33:27.062" endtime="20221101 20:33:27.796"/>
</kw>
<status status="PASS" starttime="20221101 20:32:57.076" endtime="20221101 20:33:27.796"/>
</kw>
<tag>Automation</tag>
<tag>case23</tag>
<status status="PASS" starttime="20221101 20:32:57.075" endtime="20221101 20:33:27.796"/>
</test>
<test id="s1-t6" name="NGG-TC-26 See All Dates - Activities">
<kw name="See All Dates - Activities" library="Keywords">
<kw name="Press Keycode" library="AppiumLibrary">
<arg>20</arg>
<doc>Sends a press of keycode to the device.</doc>
<status status="PASS" starttime="20221101 20:33:27.797" endtime="20221101 20:33:28.792"/>
</kw>
<kw name="Press Keycode" library="AppiumLibrary">
<arg>20</arg>
<doc>Sends a press of keycode to the device.</doc>
<status status="PASS" starttime="20221101 20:33:28.793" endtime="20221101 20:33:29.933"/>
</kw>
<kw name="Press Keycode" library="AppiumLibrary">
<arg>22</arg>
<doc>Sends a press of keycode to the device.</doc>
<status status="PASS" starttime="20221101 20:33:29.933" endtime="20221101 20:33:30.754"/>
</kw>
<kw name="Press Keycode" library="AppiumLibrary">
<arg>23</arg>
<doc>Sends a press of keycode to the device.</doc>
<status status="PASS" starttime="20221101 20:33:30.755" endtime="20221101 20:33:40.689"/>
</kw>
<kw name="Wait Until Element Is Visible" library="AppiumLibrary">
<arg>id=com.sentrics.engage360:id/tvDate</arg>
<doc>Waits until element specified with `locator` is visible.</doc>
<status status="PASS" starttime="20221101 20:33:40.689" endtime="20221101 20:33:45.018"/>
</kw>
<kw name="Press Keycode" library="AppiumLibrary">
<arg>19</arg>
<doc>Sends a press of keycode to the device.</doc>
<status status="PASS" starttime="20221101 20:33:45.018" endtime="20221101 20:33:45.157"/>
</kw>
<kw name="Wait Until Element Is Visible" library="AppiumLibrary">
<arg>id=com.sentrics.engage360:id/tvDayOfTheWeekName</arg>
<doc>Waits until element specified with `locator` is visible.</doc>
<status status="PASS" starttime="20221101 20:33:45.157" endtime="20221101 20:33:45.857"/>
</kw>
<kw name="Wait Until Element Is Visible" library="AppiumLibrary">
<arg>id=com.sentrics.engage360:id/ivNext</arg>
<doc>Waits until element specified with `locator` is visible.</doc>
<status status="PASS" starttime="20221101 20:33:45.857" endtime="20221101 20:33:46.018"/>
</kw>
<kw name="Press Keycode" library="AppiumLibrary">
<arg>19</arg>
<doc>Sends a press of keycode to the device.</doc>
<status status="PASS" starttime="20221101 20:33:46.018" endtime="20221101 20:33:46.096"/>
</kw>
<kw name="Wait Until Element Is Visible" library="AppiumLibrary">
<arg>id=com.sentrics.engage360:id/btnSeeAllDates</arg>
<doc>Waits until element specified with `locator` is visible.</doc>
<status status="PASS" starttime="20221101 20:33:46.097" endtime="20221101 20:33:46.256"/>
</kw>
<kw name="Press Keycode" library="AppiumLibrary">
<arg>22</arg>
<doc>Sends a press of keycode to the device.</doc>
<status status="PASS" starttime="20221101 20:33:46.256" endtime="20221101 20:33:46.370"/>
</kw>
<kw name="Press Keycode" library="AppiumLibrary">
<arg>23</arg>
<doc>Sends a press of keycode to the device.</doc>
<status status="PASS" starttime="20221101 20:33:46.370" endtime="20221101 20:33:47.061"/>
</kw>
<kw name="Wait Until Element Is Visible" library="AppiumLibrary">
<arg>id=com.sentrics.engage360:id/tvDate</arg>
<doc>Waits until element specified with `locator` is visible.</doc>
<status status="PASS" starttime="20221101 20:33:47.061" endtime="20221101 20:33:48.386"/>
</kw>
<kw name="Press Keycode" library="AppiumLibrary">
<arg>4</arg>
<doc>Sends a press of keycode to the device.</doc>
<status status="PASS" starttime="20221101 20:33:48.386" endtime="20221101 20:33:48.513"/>
</kw>
<kw name="Press Keycode" library="AppiumLibrary">
<arg>4</arg>
<doc>Sends a press of keycode to the device.</doc>
<status status="PASS" starttime="20221101 20:33:48.513" endtime="20221101 20:33:48.727"/>
</kw>
<kw name="Wait Until Element Is Visible" library="AppiumLibrary">
<arg>Id=com.sentrics.engage360:id/tvGroupName</arg>
<doc>Waits until element specified with `locator` is visible.</doc>
<status status="PASS" starttime="20221101 20:33:48.727" endtime="20221101 20:33:56.128"/>
</kw>
<kw name="Press Keycode" library="AppiumLibrary">
<arg>21</arg>
<doc>Sends a press of keycode to the device.</doc>
<status status="PASS" starttime="20221101 20:33:56.128" endtime="20221101 20:33:56.208"/>
</kw>
<kw name="Wait Until Element Is Visible" library="AppiumLibrary">
<arg>Id=com.sentrics.engage360:id/tvGroupName</arg>
<doc>Waits until element specified with `locator` is visible.</doc>
<status status="PASS" starttime="20221101 20:33:56.208" endtime="20221101 20:33:57.018"/>
</kw>
<kw name="Press Keycode" library="AppiumLibrary">
<arg>19</arg>
<doc>Sends a press of keycode to the device.</doc>
<status status="PASS" starttime="20221101 20:33:57.019" endtime="20221101 20:33:57.103"/>
</kw>
<kw name="Press Keycode" library="AppiumLibrary">
<arg>19</arg>
<doc>Sends a press of keycode to the device.</doc>
<status status="PASS" starttime="20221101 20:33:57.103" endtime="20221101 20:33:57.864"/>
</kw>
<status status="PASS" starttime="20221101 20:33:27.797" endtime="20221101 20:33:57.865"/>
</kw>
<tag>Automation</tag>
<tag>case26</tag>
<status status="PASS" starttime="20221101 20:33:27.797" endtime="20221101 20:33:57.865"/>
</test>
<test id="s1-t7" name="NGG-TC-27 Jump to today - Activities">
<kw name="Jump to today - Activities" library="Keywords">
<kw name="Press Keycode" library="AppiumLibrary">
<arg>20</arg>
<doc>Sends a press of keycode to the device.</doc>
<status status="PASS" starttime="20221101 20:33:57.866" endtime="20221101 20:33:58.820"/>
</kw>
<kw name="Press Keycode" library="AppiumLibrary">
<arg>20</arg>
<doc>Sends a press of keycode to the device.</doc>
<status status="PASS" starttime="20221101 20:33:58.820" endtime="20221101 20:33:59.924"/>
</kw>
<kw name="Press Keycode" library="AppiumLibrary">
<arg>22</arg>
<doc>Sends a press of keycode to the device.</doc>
<status status="PASS" starttime="20221101 20:33:59.924" endtime="20221101 20:34:00.661"/>
</kw>
<kw name="Press Keycode" library="AppiumLibrary">
<arg>23</arg>
<doc>Sends a press of keycode to the device.</doc>
<status status="PASS" starttime="20221101 20:34:00.661" endtime="20221101 20:34:10.698"/>
</kw>
<kw name="Wait Until Element Is Visible" library="AppiumLibrary">
<arg>id=com.sentrics.engage360:id/rvActivities</arg>
<doc>Waits until element specified with `locator` is visible.</doc>
<status status="PASS" starttime="20221101 20:34:10.698" endtime="20221101 20:34:14.927"/>
</kw>
<kw name="Press Keycode" library="AppiumLibrary">
<arg>19</arg>
<doc>Sends a press of keycode to the device.</doc>
<status status="PASS" starttime="20221101 20:34:14.927" endtime="20221101 20:34:15.065"/>
</kw>
<kw name="Press Keycode" library="AppiumLibrary">
<arg>22</arg>
<doc>Sends a press of keycode to the device.</doc>
<status status="PASS" starttime="20221101 20:34:15.065" endtime="20221101 20:34:15.677"/>
</kw>
<kw name="Press Keycode" library="AppiumLibrary">
<arg>22</arg>
<doc>Sends a press of keycode to the device.</doc>
<status status="PASS" starttime="20221101 20:34:15.677" endtime="20221101 20:34:16.329"/>
</kw>
<kw name="Press Keycode" library="AppiumLibrary">
<arg>22</arg>
<doc>Sends a press of keycode to the device.</doc>
<status status="PASS" starttime="20221101 20:34:16.329" endtime="20221101 20:34:16.409"/>
</kw>
<kw name="Wait Until Element Is Visible" library="AppiumLibrary">
<arg>id=com.sentrics.engage360:id/ivNext</arg>
<doc>Waits until element specified with `locator` is visible.</doc>
<status status="PASS" starttime="20221101 20:34:16.410" endtime="20221101 20:34:16.539"/>
</kw>
<kw name="Press Keycode" library="AppiumLibrary">
<arg>23</arg>
<doc>Sends a press of keycode to the device.</doc>
<status status="PASS" starttime="20221101 20:34:16.539" endtime="20221101 20:34:16.694"/>
</kw>
<kw name="Press Keycode" library="AppiumLibrary">
<arg>19</arg>
<doc>Sends a press of keycode to the device.</doc>
<status status="PASS" starttime="20221101 20:34:16.694" endtime="20221101 20:34:17.761"/>
</kw>
<kw name="Press Keycode" library="AppiumLibrary">
<arg>21</arg>
<doc>Sends a press of keycode to the device.</doc>
<status status="PASS" starttime="20221101 20:34:17.761" endtime="20221101 20:34:17.868"/>
</kw>
<kw name="Wait Until Element Is Visible" library="AppiumLibrary">
<arg>id=com.sentrics.engage360:id/tvBackToToday</arg>
<doc>Waits until element specified with `locator` is visible.</doc>
<status status="PASS" starttime="20221101 20:34:17.868" endtime="20221101 20:34:18.694"/>
</kw>
<kw name="Press Keycode" library="AppiumLibrary">
<arg>23</arg>
<doc>Sends a press of keycode to the device.</doc>
<status status="PASS" starttime="20221101 20:34:18.695" endtime="20221101 20:34:18.875"/>
</kw>
<kw name="Wait Until Element Is Visible" library="AppiumLibrary">
<arg>id=com.sentrics.engage360:id/tvDate</arg>
<doc>Waits until element specified with `locator` is visible.</doc>
<status status="PASS" starttime="20221101 20:34:18.875" endtime="20221101 20:34:19.941"/>
</kw>
<kw name="Press Keycode" library="AppiumLibrary">
<arg>4</arg>
<doc>Sends a press of keycode to the device.</doc>
<status status="PASS" starttime="20221101 20:34:19.941" endtime="20221101 20:34:20.046"/>
</kw>
<kw name="Press Keycode" library="AppiumLibrary">
<arg>4</arg>
<doc>Sends a press of keycode to the device.</doc>
<status status="PASS" starttime="20221101 20:34:20.046" endtime="20221101 20:34:20.229"/>
</kw>
<kw name="Wait Until Element Is Visible" library="AppiumLibrary">
<arg>Id=com.sentrics.engage360:id/tvGroupName</arg>
<doc>Waits until element specified with `locator` is visible.</doc>
<status status="PASS" starttime="20221101 20:34:20.229" endtime="20221101 20:34:26.138"/>
</kw>
<kw name="Press Keycode" library="AppiumLibrary">
<arg>21</arg>
<doc>Sends a press of keycode to the device.</doc>
<status status="PASS" starttime="20221101 20:34:26.138" endtime="20221101 20:34:26.226"/>
</kw>
<kw name="Wait Until Element Is Visible" library="AppiumLibrary">
<arg>Id=com.sentrics.engage360:id/tvGroupName</arg>
<doc>Waits until element specified with `locator` is visible.</doc>
<status status="PASS" starttime="20221101 20:34:26.226" endtime="20221101 20:34:27.032"/>
</kw>
<kw name="Press Keycode" library="AppiumLibrary">
<arg>19</arg>
<doc>Sends a press of keycode to the device.</doc>
<status status="PASS" starttime="20221101 20:34:27.032" endtime="20221101 20:34:27.155"/>
</kw>
<kw name="Press Keycode" library="AppiumLibrary">
<arg>19</arg>
<doc>Sends a press of keycode to the device.</doc>
<status status="PASS" starttime="20221101 20:34:27.155" endtime="20221101 20:34:27.866"/>
</kw>
<status status="PASS" starttime="20221101 20:33:57.866" endtime="20221101 20:34:27.866"/>
</kw>
<tag>Automation</tag>
<tag>case27</tag>
<status status="PASS" starttime="20221101 20:33:57.866" endtime="20221101 20:34:27.866"/>
</test>
<test id="s1-t8" name="NGG-TC-31 Available seats - Activities">
<kw name="Available seats - Activities" library="Keywords">
<kw name="Press Keycode" library="AppiumLibrary">
<arg>20</arg>
<doc>Sends a press of keycode to the device.</doc>
<status status="PASS" starttime="20221101 20:34:27.867" endtime="20221101 20:34:28.859"/>
</kw>
<kw name="Press Keycode" library="AppiumLibrary">
<arg>20</arg>
<doc>Sends a press of keycode to the device.</doc>
<status status="PASS" starttime="20221101 20:34:28.859" endtime="20221101 20:34:29.941"/>
</kw>
<kw name="Press Keycode" library="AppiumLibrary">
<arg>22</arg>
<doc>Sends a press of keycode to the device.</doc>
<status status="PASS" starttime="20221101 20:34:29.941" endtime="20221101 20:34:30.681"/>
</kw>
<kw name="Press Keycode" library="AppiumLibrary">
<arg>23</arg>
<doc>Sends a press of keycode to the device.</doc>
<status status="PASS" starttime="20221101 20:34:30.681" endtime="20221101 20:34:40.718"/>
</kw>
<kw name="Wait Until Element Is Visible" library="AppiumLibrary">
<arg>id=com.sentrics.engage360:id/tvDate</arg>
<doc>Waits until element specified with `locator` is visible.</doc>
<status status="PASS" starttime="20221101 20:34:40.718" endtime="20221101 20:34:44.935"/>
</kw>
<kw name="Wait Until Element Is Visible" library="AppiumLibrary">
<arg>id=com.sentrics.engage360:id/btnSeeAllDates</arg>
<doc>Waits until element specified with `locator` is visible.</doc>
<status status="PASS" starttime="20221101 20:34:44.935" endtime="20221101 20:34:45.083"/>
</kw>
<kw name="Press Keycode" library="AppiumLibrary">
<arg>19</arg>
<doc>Sends a press of keycode to the device.</doc>
<status status="PASS" starttime="20221101 20:34:45.083" endtime="20221101 20:34:45.223"/>
</kw>
<kw name="Press Keycode" library="AppiumLibrary">
<arg>19</arg>
<doc>Sends a press of keycode to the device.</doc>
<status status="PASS" starttime="20221101 20:34:45.224" endtime="20221101 20:34:45.843"/>
</kw>
<kw name="Press Keycode" library="AppiumLibrary">
<arg>23</arg>
<doc>Sends a press of keycode to the device.</doc>
<status status="PASS" starttime="20221101 20:34:45.843" endtime="20221101 20:34:45.937"/>
</kw>
<kw name="Wait Until Element Is Visible" library="AppiumLibrary">
<arg>id=com.sentrics.engage360:id/ivBackgroundImage</arg>
<doc>Waits until element specified with `locator` is visible.</doc>
<status status="PASS" starttime="20221101 20:34:45.937" endtime="20221101 20:34:47.273"/>
</kw>
<kw name="Press Keycode" library="AppiumLibrary">
<arg>20</arg>
<doc>Sends a press of keycode to the device.</doc>
<status status="PASS" starttime="20221101 20:34:47.273" endtime="20221101 20:34:47.414"/>
</kw>
<kw name="Press Keycode" library="AppiumLibrary">
<arg>20</arg>
<doc>Sends a press of keycode to the device.</doc>
<status status="PASS" starttime="20221101 20:34:47.414" endtime="20221101 20:34:48.103"/>
</kw>
<kw name="Press Keycode" library="AppiumLibrary">
<arg>23</arg>
<doc>Sends a press of keycode to the device.</doc>
<status status="PASS" starttime="20221101 20:34:48.103" endtime="20221101 20:34:48.734"/>
</kw>
<kw name="Wait Until Element Is Visible" library="AppiumLibrary">
<arg>id=com.sentrics.engage360:id/tvSeats</arg>
<doc>Waits until element specified with `locator` is visible.</doc>
<status status="PASS" starttime="20221101 20:34:48.734" endtime="20221101 20:34:50.244"/>
</kw>
<kw name="Wait Until Element Is Visible" library="AppiumLibrary">
<arg>id=com.sentrics.engage360:id/btnRegister</arg>
<doc>Waits until element specified with `locator` is visible.</doc>
<status status="PASS" starttime="20221101 20:34:50.244" endtime="20221101 20:34:50.344"/>
</kw>
<kw name="Press Keycode" library="AppiumLibrary">
<arg>23</arg>
<doc>Sends a press of keycode to the device.</doc>
<status status="PASS" starttime="20221101 20:34:50.344" endtime="20221101 20:34:50.473"/>
</kw>
<kw name="Wait Until Element Is Visible" library="AppiumLibrary">
<arg>id=com.sentrics.engage360:id/tvSeats</arg>
<doc>Waits until element specified with `locator` is visible.</doc>
<status status="PASS" starttime="20221101 20:34:50.473" endtime="20221101 20:34:51.180"/>
</kw>
<kw name="Wait Until Element Is Visible" library="AppiumLibrary">
<arg>id=com.sentrics.engage360:id/btnUnregister</arg>
<doc>Waits until element specified with `locator` is visible.</doc>
<status status="PASS" starttime="20221101 20:34:51.180" endtime="20221101 20:34:52.081"/>
</kw>
<kw name="Press Keycode" library="AppiumLibrary">
<arg>21</arg>
<doc>Sends a press of keycode to the device.</doc>
<status status="PASS" starttime="20221101 20:34:52.081" endtime="20221101 20:34:52.160"/>
</kw>
<kw name="Press Keycode" library="AppiumLibrary">
<arg>23</arg>
<doc>Sends a press of keycode to the device.</doc>
<status status="PASS" starttime="20221101 20:34:52.160" endtime="20221101 20:34:52.840"/>
</kw>
<kw name="Press Keycode" library="AppiumLibrary">
<arg>4</arg>
<doc>Sends a press of keycode to the device.</doc>
<status status="PASS" starttime="20221101 20:34:52.840" endtime="20221101 20:34:53.665"/>
</kw>
<kw name="Wait Until Element Is Visible" library="AppiumLibrary">
<arg>id=com.sentrics.engage360:id/tvBackToToday</arg>
<doc>Waits until element specified with `locator` is visible.</doc>
<status status="PASS" starttime="20221101 20:34:53.665" endtime="20221101 20:34:54.732"/>
</kw>
<kw name="Press Keycode" library="AppiumLibrary">
<arg>4</arg>
<doc>Sends a press of keycode to the device.</doc>
<status status="PASS" starttime="20221101 20:34:54.732" endtime="20221101 20:34:54.830"/>
</kw>
<kw name="Wait Until Element Is Visible" library="AppiumLibrary">
<arg>id=com.sentrics.engage360:id/tvBackToToday</arg>
<doc>Waits until element specified with `locator` is visible.</doc>
<status status="PASS" starttime="20221101 20:34:54.830" endtime="20221101 20:34:55.464"/>
</kw>
<kw name="Press Keycode" library="AppiumLibrary">
<arg>4</arg>
<doc>Sends a press of keycode to the device.</doc>
<status status="PASS" starttime="20221101 20:34:55.464" endtime="20221101 20:34:55.584"/>
</kw>
<kw name="Wait Until Element Is Visible" library="AppiumLibrary">
<arg>Id=com.sentrics.engage360:id/tvGroupName</arg>
<doc>Waits until element specified with `locator` is visible.</doc>
<status status="PASS" starttime="20221101 20:34:55.584" endtime="20221101 20:34:57.072"/>
</kw>
<kw name="Press Keycode" library="AppiumLibrary">
<arg>21</arg>
<doc>Sends a press of keycode to the device.</doc>
<status status="PASS" starttime="20221101 20:34:57.072" endtime="20221101 20:34:57.194"/>
</kw>
<kw name="Wait Until Element Is Visible" library="AppiumLibrary">
<arg>Id=com.sentrics.engage360:id/tvGroupName</arg>
<doc>Waits until element specified with `locator` is visible.</doc>
<status status="PASS" starttime="20221101 20:34:57.194" endtime="20221101 20:34:59.908"/>
</kw>
<kw name="Press Keycode" library="AppiumLibrary">
<arg>19</arg>
<doc>Sends a press of keycode to the device.</doc>
<status status="PASS" starttime="20221101 20:34:59.908" endtime="20221101 20:34:59.999"/>
</kw>
<kw name="Press Keycode" library="AppiumLibrary">
<arg>19</arg>
<doc>Sends a press of keycode to the device.</doc>
<status status="PASS" starttime="20221101 20:35:00.000" endtime="20221101 20:35:00.743"/>
</kw>
<status status="PASS" starttime="20221101 20:34:27.867" endtime="20221101 20:35:00.743"/>
</kw>
<tag>Automation</tag>
<tag>case31</tag>
<status status="PASS" starttime="20221101 20:34:27.867" endtime="20221101 20:35:00.744"/>
</test>
<test id="s1-t9" name="NGG-TC-33 Register - Activities">
<kw name="Register - Activities" library="Keywords">
<kw name="Press Keycode" library="AppiumLibrary">
<arg>20</arg>
<doc>Sends a press of keycode to the device.</doc>
<status status="PASS" starttime="20221101 20:35:00.745" endtime="20221101 20:35:04.581"/>
</kw>
<kw name="Press Keycode" library="AppiumLibrary">
<arg>20</arg>
<doc>Sends a press of keycode to the device.</doc>
<status status="PASS" starttime="20221101 20:35:04.581" endtime="20221101 20:35:10.827"/>
</kw>
<kw name="Press Keycode" library="AppiumLibrary">
<arg>22</arg>
<doc>Sends a press of keycode to the device.</doc>
<status status="PASS" starttime="20221101 20:35:10.827" endtime="20221101 20:35:13.635"/>
</kw>
<kw name="Press Keycode" library="AppiumLibrary">
<arg>23</arg>
<doc>Sends a press of keycode to the device.</doc>
<status status="PASS" starttime="20221101 20:35:13.635" endtime="20221101 20:35:14.889"/>
</kw>
<kw name="Wait Until Element Is Visible" library="AppiumLibrary">
<arg>id=com.sentrics.engage360:id/rvActivities</arg>
<doc>Waits until element specified with `locator` is visible.</doc>
<status status="PASS" starttime="20221101 20:35:14.889" endtime="20221101 20:35:18.661"/>
</kw>
<kw name="Wait Until Element Is Visible" library="AppiumLibrary">
<arg>id=com.sentrics.engage360:id/tvDate</arg>
<doc>Waits until element specified with `locator` is visible.</doc>
<status status="PASS" starttime="20221101 20:35:18.661" endtime="20221101 20:35:18.832"/>
</kw>
<kw name="Press Keycode" library="AppiumLibrary">
<arg>19</arg>
<doc>Sends a press of keycode to the device.</doc>
<status status="PASS" starttime="20221101 20:35:18.832" endtime="20221101 20:35:18.981"/>
</kw>
<kw name="Press Keycode" library="AppiumLibrary">
<arg>22</arg>
<doc>Sends a press of keycode to the device.</doc>
<status status="PASS" starttime="20221101 20:35:18.982" endtime="20221101 20:35:19.619"/>
</kw>
<kw name="Press Keycode" library="AppiumLibrary">
<arg>22</arg>
<doc>Sends a press of keycode to the device.</doc>
<status status="PASS" starttime="20221101 20:35:19.619" endtime="20221101 20:35:20.275"/>
</kw>
<kw name="Press Keycode" library="AppiumLibrary">
<arg>22</arg>
<doc>Sends a press of keycode to the device.</doc>
<status status="PASS" starttime="20221101 20:35:20.275" endtime="20221101 20:35:20.355"/>
</kw>
<kw name="Press Keycode" library="AppiumLibrary">
<arg>23</arg>
<doc>Sends a press of keycode to the device.</doc>
<status status="PASS" starttime="20221101 20:35:20.356" endtime="20221101 20:35:20.500"/>
</kw>
<kw name="Press Keycode" library="AppiumLibrary">
<arg>20</arg>
<doc>Sends a press of keycode to the device.</doc>
<status status="PASS" starttime="20221101 20:35:20.500" endtime="20221101 20:35:21.332"/>
</kw>
<kw name="Press Keycode" library="AppiumLibrary">
<arg>23</arg>
<doc>Sends a press of keycode to the device.</doc>
<status status="PASS" starttime="20221101 20:35:21.332" endtime="20221101 20:35:22.002"/>
</kw>
<kw name="Press Keycode" library="AppiumLibrary">
<arg>23</arg>
<doc>Sends a press of keycode to the device.</doc>
<status status="PASS" starttime="20221101 20:35:22.002" endtime="20221101 20:35:22.742"/>
</kw>
<kw name="Press Keycode" library="AppiumLibrary">
<arg>4</arg>
<doc>Sends a press of keycode to the device.</doc>
<status status="PASS" starttime="20221101 20:35:22.742" endtime="20221101 20:35:23.425"/>
</kw>
<kw name="Press Keycode" library="AppiumLibrary">
<arg>4</arg>
<doc>Sends a press of keycode to the device.</doc>
<status status="PASS" starttime="20221101 20:35:23.425" endtime="20221101 20:35:24.736"/>
</kw>
<kw name="Press Keycode" library="AppiumLibrary">
<arg>4</arg>
<doc>Sends a press of keycode to the device.</doc>
<status status="PASS" starttime="20221101 20:35:24.736" endtime="20221101 20:35:24.913"/>
</kw>
<kw name="Press Keycode" library="AppiumLibrary">
<arg>4</arg>
<doc>Sends a press of keycode to the device.</doc>
<status status="PASS" starttime="20221101 20:35:24.913" endtime="20221101 20:35:27.007"/>
</kw>
<kw name="Wait Until Element Is Visible" library="AppiumLibrary">
<arg>Id=com.sentrics.engage360:id/tvGroupName</arg>
<doc>Waits until element specified with `locator` is visible.</doc>
<status status="PASS" starttime="20221101 20:35:27.007" endtime="20221101 20:35:27.130"/>
</kw>
<kw name="Press Keycode" library="AppiumLibrary">
<arg>21</arg>
<doc>Sends a press of keycode to the device.</doc>
<status status="PASS" starttime="20221101 20:35:27.130" endtime="20221101 20:35:27.240"/>
</kw>
<kw name="Wait Until Element Is Visible" library="AppiumLibrary">
<arg>Id=com.sentrics.engage360:id/tvGroupName</arg>
<doc>Waits until element specified with `locator` is visible.</doc>
<status status="PASS" starttime="20221101 20:35:27.240" endtime="20221101 20:35:28.782"/>
</kw>
<kw name="Press Keycode" library="AppiumLibrary">
<arg>19</arg>
<doc>Sends a press of keycode to the device.</doc>
<status status="PASS" starttime="20221101 20:35:28.782" endtime="20221101 20:35:28.896"/>
</kw>
<kw name="Press Keycode" library="AppiumLibrary">
<arg>19</arg>
<doc>Sends a press of keycode to the device.</doc>
<status status="PASS" starttime="20221101 20:35:28.896" endtime="20221101 20:35:29.951"/>
</kw>
<status status="PASS" starttime="20221101 20:35:00.745" endtime="20221101 20:35:29.951"/>
</kw>
<tag>Automation</tag>
<tag>case33</tag>
<status status="PASS" starttime="20221101 20:35:00.745" endtime="20221101 20:35:29.951"/>
</test>
<test id="s1-t10" name="NGG-TC-32 Unregister - Activities">
<kw name="Unregister - Activities" library="Keywords">
<kw name="Press Keycode" library="AppiumLibrary">
<arg>20</arg>
<doc>Sends a press of keycode to the device.</doc>
<status status="PASS" starttime="20221101 20:35:29.952" endtime="20221101 20:35:30.682"/>
</kw>
<kw name="Press Keycode" library="AppiumLibrary">
<arg>20</arg>
<doc>Sends a press of keycode to the device.</doc>
<status status="PASS" starttime="20221101 20:35:30.682" endtime="20221101 20:35:34.497"/>
</kw>
<kw name="Press Keycode" library="AppiumLibrary">
<arg>22</arg>
<doc>Sends a press of keycode to the device.</doc>
<status status="PASS" starttime="20221101 20:35:34.497" endtime="20221101 20:35:40.713"/>
</kw>
<kw name="Press Keycode" library="AppiumLibrary">
<arg>23</arg>
<doc>Sends a press of keycode to the device.</doc>
<status status="PASS" starttime="20221101 20:35:40.714" endtime="20221101 20:35:43.650"/>
</kw>
<kw name="Wait Until Element Is Visible" library="AppiumLibrary">
<arg>id=com.sentrics.engage360:id/rvActivities</arg>
<doc>Waits until element specified with `locator` is visible.</doc>
<status status="PASS" starttime="20221101 20:35:43.650" endtime="20221101 20:35:47.942"/>
</kw>
<kw name="Wait Until Element Is Visible" library="AppiumLibrary">
<arg>id=com.sentrics.engage360:id/tvDate</arg>
<doc>Waits until element specified with `locator` is visible.</doc>
<status status="PASS" starttime="20221101 20:35:47.942" endtime="20221101 20:35:48.092"/>
</kw>
<kw name="Press Keycode" library="AppiumLibrary">
<arg>19</arg>
<doc>Sends a press of keycode to the device.</doc>
<status status="PASS" starttime="20221101 20:35:48.092" endtime="20221101 20:35:48.229"/>
</kw>
<kw name="Press Keycode" library="AppiumLibrary">
<arg>22</arg>
<doc>Sends a press of keycode to the device.</doc>
<status status="PASS" starttime="20221101 20:35:48.230" endtime="20221101 20:35:48.867"/>
</kw>
<kw name="Press Keycode" library="AppiumLibrary">
<arg>22</arg>
<doc>Sends a press of keycode to the device.</doc>
<status status="PASS" starttime="20221101 20:35:48.867" endtime="20221101 20:35:49.496"/>
</kw>
<kw name="Press Keycode" library="AppiumLibrary">
<arg>22</arg>
<doc>Sends a press of keycode to the device.</doc>
<status status="PASS" starttime="20221101 20:35:49.496" endtime="20221101 20:35:49.574"/>
</kw>
<kw name="Press Keycode" library="AppiumLibrary">
<arg>23</arg>
<doc>Sends a press of keycode to the device.</doc>
<status status="PASS" starttime="20221101 20:35:49.575" endtime="20221101 20:35:50.017"/>
</kw>
<kw name="Press Keycode" library="AppiumLibrary">
<arg>20</arg>
<doc>Sends a press of keycode to the device.</doc>
<status status="PASS" starttime="20221101 20:35:50.017" endtime="20221101 20:35:51.117"/>
</kw>
<kw name="Press Keycode" library="AppiumLibrary">
<arg>23</arg>
<doc>Sends a press of keycode to the device.</doc>
<status status="PASS" starttime="20221101 20:35:51.117" endtime="20221101 20:35:51.772"/>
</kw>
<kw name="Wait Until Element Is Visible" library="AppiumLibrary">
<arg>id=com.sentrics.engage360:id/tvTitle</arg>
<doc>Waits until element specified with `locator` is visible.</doc>
<status status="PASS" starttime="20221101 20:35:51.772" endtime="20221101 20:35:52.941"/>
</kw>
<kw name="Press Keycode" library="AppiumLibrary">
<arg>23</arg>
<doc>Sends a press of keycode to the device.</doc>
<status status="PASS" starttime="20221101 20:35:52.941" endtime="20221101 20:35:53.060"/>
</kw>
<kw name="Press Keycode" library="AppiumLibrary">
<arg>4</arg>
<doc>Sends a press of keycode to the device.</doc>
<status status="PASS" starttime="20221101 20:35:53.060" endtime="20221101 20:35:54.090"/>
</kw>
<kw name="Press Keycode" library="AppiumLibrary">
<arg>4</arg>
<doc>Sends a press of keycode to the device.</doc>
<status status="PASS" starttime="20221101 20:35:54.090" endtime="20221101 20:35:55.176"/>
</kw>
<kw name="Press Keycode" library="AppiumLibrary">
<arg>4</arg>
<doc>Sends a press of keycode to the device.</doc>
<status status="PASS" starttime="20221101 20:35:55.176" endtime="20221101 20:35:55.478"/>
</kw>
<kw name="Press Keycode" library="AppiumLibrary">
<arg>4</arg>
<doc>Sends a press of keycode to the device.</doc>
<status status="PASS" starttime="20221101 20:35:55.478" endtime="20221101 20:35:56.297"/>
</kw>
<kw name="Wait Until Element Is Visible" library="AppiumLibrary">
<arg>Id=com.sentrics.engage360:id/tvGroupName</arg>
<doc>Waits until element specified with `locator` is visible.</doc>
<status status="PASS" starttime="20221101 20:35:56.297" endtime="20221101 20:35:57.200"/>
</kw>
<kw name="Press Keycode" library="AppiumLibrary">
<arg>21</arg>
<doc>Sends a press of keycode to the device.</doc>
<status status="PASS" starttime="20221101 20:35:57.200" endtime="20221101 20:35:57.911"/>
</kw>
<kw name="Wait Until Element Is Visible" library="AppiumLibrary">
<arg>Id=com.sentrics.engage360:id/tvGroupName</arg>
<doc>Waits until element specified with `locator` is visible.</doc>
<status status="PASS" starttime="20221101 20:35:57.911" endtime="20221101 20:35:59.913"/>
</kw>
<kw name="Press Keycode" library="AppiumLibrary">
<arg>19</arg>
<doc>Sends a press of keycode to the device.</doc>
<status status="PASS" starttime="20221101 20:35:59.913" endtime="20221101 20:36:00.017"/>
</kw>
<kw name="Press Keycode" library="AppiumLibrary">
<arg>19</arg>
<doc>Sends a press of keycode to the device.</doc>
<status status="PASS" starttime="20221101 20:36:00.017" endtime="20221101 20:36:00.807"/>
</kw>
<status status="PASS" starttime="20221101 20:35:29.952" endtime="20221101 20:36:00.808"/>
</kw>
<tag>Automation</tag>
<tag>case32</tag>
<status status="PASS" starttime="20221101 20:35:29.952" endtime="20221101 20:36:00.808"/>
</test>
<kw name="Close All Applications" library="AppiumLibrary" type="TEARDOWN">
<doc>Closes all open applications.</doc>
<status status="PASS" starttime="20221101 20:36:00.809" endtime="20221101 20:36:00.964"/>
</kw>
<status status="PASS" starttime="20221101 20:30:59.730" endtime="20221101 20:36:00.964"/>
</suite>
<statistics>
<total>
<stat pass="10" fail="0" skip="0">All Tests</stat>
</total>
<tag>
<stat pass="10" fail="0" skip="0">Automation</stat>
<stat pass="1" fail="0" skip="0">case22</stat>
<stat pass="1" fail="0" skip="0">case23</stat>
<stat pass="1" fail="0" skip="0">case26</stat>
<stat pass="1" fail="0" skip="0">case27</stat>
<stat pass="1" fail="0" skip="0">case31</stat>
<stat pass="1" fail="0" skip="0">case32</stat>
<stat pass="1" fail="0" skip="0">case33</stat>
<stat pass="1" fail="0" skip="0">case57</stat>
<stat pass="1" fail="0" skip="0">case58</stat>
<stat pass="1" fail="0" skip="0">cases</stat>
</tag>
<suite>
<stat pass="10" fail="0" skip="0" id="s1" name="Activities">Activities</stat>
</suite>
</statistics>
<errors>
</errors>
</robot>
